<?xml version="1.0" encoding="UTF-8"?>
<!-- Generated by org.testng.reporters.JUnitReportReporter -->
<testsuite hostname="LAPTOP-KFVL9Q09" failures="0" tests="1" name="script.RetailResortWearBookTest" time="2.647" errors="0" timestamp="2025-07-24T22:44:30 IST" skipped="0">
  <testcase classname="script.RetailResortWearBookTest" name="verifyRetailResortWearBook" time="2.647"/>
  <system-out/>
</testsuite> <!-- script.RetailResortWearBookTest -->
