<?xml version="1.0" encoding="UTF-8"?>
<!-- Generated by org.testng.reporters.JUnitReportReporter -->
<testsuite hostname="LAPTOP-KFVL9Q09" failures="0" tests="1" name="script.RetailResortWearBookTest" time="3.417" errors="0" timestamp="2025-07-24T23:45:09 IST" skipped="0">
  <testcase classname="script.RetailResortWearBookTest" name="verifyRetailResortWearBook" time="3.417"/>
  <system-out/>
</testsuite> <!-- script.RetailResortWearBookTest -->
