<?xml version="1.0" encoding="UTF-8"?>
<!-- Generated by org.testng.reporters.JUnitReportReporter -->
<testsuite hostname="LAPTOP-KFVL9Q09" failures="0" tests="1" name="script.RetailStoreTest" time="2.423" errors="0" timestamp="2025-07-25T11:34:21 IST" skipped="0">
  <testcase classname="script.RetailStoreTest" name="verifyRetailStorePageLoads" time="2.423"/>
  <system-out/>
</testsuite> <!-- script.RetailStoreTest -->
